{"/Users/chandrahmani/Documents/github/chandrahmani/CareerAI-JobAnalyse/src/components/Footer/Footer.tsx": {"path":"/Users/chandrahmani/Documents/github/chandrahmani/CareerAI-JobAnalyse/src/components/Footer/Footer.tsx","statementMap":{"0":{"start":{"line":2,"column":0},"end":{"line":2,"column":65}},"1":{"start":{"line":5,"column":1},"end":{"line":23,"column":3}},"2":{"start":{"line":10,"column":5},"end":{"line":12,"column":31}},"3":{"start":{"line":26,"column":0},"end":{"line":26,"column":22}}},"fnMap":{"0":{"name":"Footer","decl":{"start":{"line":4,"column":9},"end":{"line":4,"column":15}},"loc":{"start":{"line":4,"column":15},"end":{"line":24,"column":1}}},"1":{"name":"(anonymous_1)","decl":{"start":{"line":9,"column":21},"end":{"line":9,"column":22}},"loc":{"start":{"line":10,"column":5},"end":{"line":12,"column":31}}}},"branchMap":{"0":{"loc":{"start":{"line":10,"column":5},"end":{"line":12,"column":31}},"type":"cond-expr","locations":[{"start":{"line":11,"column":8},"end":{"line":11,"column":31}},{"start":{"line":12,"column":8},"end":{"line":12,"column":31}}]}},"s":{"0":1,"1":2,"2":2,"3":1},"f":{"0":2,"1":2},"b":{"0":[1,1]}}
,"/Users/chandrahmani/Documents/github/chandrahmani/CareerAI-JobAnalyse/src/components/Navigation/Navigation.tsx": {"path":"/Users/chandrahmani/Documents/github/chandrahmani/CareerAI-JobAnalyse/src/components/Navigation/Navigation.tsx","statementMap":{"0":{"start":{"line":22,"column":0},"end":{"line":22,"column":24}},"1":{"start":{"line":1,"column":0},"end":{"line":1,"column":31}},"2":{"start":{"line":2,"column":0},"end":{"line":2,"column":35}},"3":{"start":{"line":3,"column":0},"end":{"line":3,"column":35}},"4":{"start":{"line":5,"column":0},"end":{"line":5,"column":42}},"5":{"start":{"line":6,"column":0},"end":{"line":6,"column":52}},"6":{"start":{"line":7,"column":0},"end":{"line":7,"column":44}},"7":{"start":{"line":8,"column":0},"end":{"line":8,"column":42}},"8":{"start":{"line":9,"column":0},"end":{"line":9,"column":50}},"9":{"start":{"line":10,"column":0},"end":{"line":10,"column":38}},"10":{"start":{"line":11,"column":0},"end":{"line":11,"column":46}},"11":{"start":{"line":14,"column":0},"end":{"line":14,"column":44}},"12":{"start":{"line":15,"column":0},"end":{"line":15,"column":50}},"13":{"start":{"line":16,"column":0},"end":{"line":16,"column":82}},"14":{"start":{"line":19,"column":20},"end":{"line":19,"column":23}},"15":{"start":{"line":20,"column":17},"end":{"line":20,"column":61}},"16":{"start":{"line":23,"column":38},"end":{"line":23,"column":59}},"17":{"start":{"line":25,"column":29},"end":{"line":27,"column":3}},"18":{"start":{"line":26,"column":4},"end":{"line":26,"column":45}},"19":{"start":{"line":26,"column":33},"end":{"line":26,"column":43}},"20":{"start":{"line":30,"column":4},"end":{"line":43,"column":null}},"21":{"start":{"line":37,"column":10},"end":{"line":37,"column":null}},"22":{"start":{"line":48,"column":2},"end":{"line":95,"column":4}},"23":{"start":{"line":71,"column":14},"end":{"line":71,"column":31}}},"fnMap":{"0":{"name":"Navigation","decl":{"start":{"line":22,"column":24},"end":{"line":22,"column":34}},"loc":{"start":{"line":22,"column":34},"end":{"line":96,"column":1}}},"1":{"name":"(anonymous_11)","decl":{"start":{"line":25,"column":29},"end":{"line":25,"column":32}},"loc":{"start":{"line":25,"column":34},"end":{"line":27,"column":3}}},"2":{"name":"(anonymous_12)","decl":{"start":{"line":26,"column":18},"end":{"line":26,"column":19}},"loc":{"start":{"line":26,"column":33},"end":{"line":26,"column":43}}},"3":{"name":"(anonymous_13)","decl":{"start":{"line":36,"column":22},"end":{"line":36,"column":23}},"loc":{"start":{"line":37,"column":10},"end":{"line":37,"column":null}}},"4":{"name":"(anonymous_14)","decl":{"start":{"line":70,"column":26},"end":{"line":70,"column":27}},"loc":{"start":{"line":71,"column":14},"end":{"line":71,"column":31}}}},"branchMap":{},"s":{"0":1,"1":1,"2":1,"3":1,"4":1,"5":1,"6":1,"7":1,"8":1,"9":1,"10":1,"11":1,"12":1,"13":1,"14":1,"15":1,"16":3,"17":3,"18":1,"19":1,"20":3,"21":9,"22":3,"23":9},"f":{"0":3,"1":1,"2":1,"3":9,"4":9},"b":{}}
,"/Users/chandrahmani/Documents/github/chandrahmani/CareerAI-JobAnalyse/src/components/StandardImageList/StandardImageList.tsx": {"path":"/Users/chandrahmani/Documents/github/chandrahmani/CareerAI-JobAnalyse/src/components/StandardImageList/StandardImageList.tsx","statementMap":{"0":{"start":{"line":5,"column":0},"end":{"line":5,"column":24}},"1":{"start":{"line":1,"column":0},"end":{"line":1,"column":31}},"2":{"start":{"line":2,"column":0},"end":{"line":2,"column":48}},"3":{"start":{"line":3,"column":0},"end":{"line":3,"column":56}},"4":{"start":{"line":6,"column":2},"end":{"line":19,"column":4}},"5":{"start":{"line":9,"column":8},"end":{"line":9,"column":null}},"6":{"start":{"line":22,"column":17},"end":{"line":71,"column":2}}},"fnMap":{"0":{"name":"StandardImageList","decl":{"start":{"line":5,"column":24},"end":{"line":5,"column":41}},"loc":{"start":{"line":5,"column":41},"end":{"line":20,"column":1}}},"1":{"name":"(anonymous_11)","decl":{"start":{"line":8,"column":20},"end":{"line":8,"column":21}},"loc":{"start":{"line":9,"column":8},"end":{"line":9,"column":null}}}},"branchMap":{},"s":{"0":2,"1":2,"2":2,"3":2,"4":2,"5":24,"6":2},"f":{"0":2,"1":24},"b":{}}
,"/Users/chandrahmani/Documents/github/chandrahmani/CareerAI-JobAnalyse/src/services/app.services.ts": {"path":"/Users/chandrahmani/Documents/github/chandrahmani/CareerAI-JobAnalyse/src/services/app.services.ts","statementMap":{"0":{"start":{"line":1,"column":0},"end":{"line":1,"column":26}},"1":{"start":{"line":5,"column":25},"end":{"line":13,"column":2}},"2":{"start":{"line":5,"column":36},"end":{"line":13,"column":2}},"3":{"start":{"line":6,"column":1},"end":{"line":12,"column":2}},"4":{"start":{"line":7,"column":19},"end":{"line":7,"column":110}},"5":{"start":{"line":8,"column":2},"end":{"line":8,"column":29}},"6":{"start":{"line":9,"column":2},"end":{"line":9,"column":null}},"7":{"start":{"line":11,"column":2},"end":{"line":11,"column":23}},"8":{"start":{"line":5,"column":13},"end":{"line":5,"column":25}},"9":{"start":{"line":21,"column":26},"end":{"line":35,"column":2}},"10":{"start":{"line":24,"column":31},"end":{"line":35,"column":2}},"11":{"start":{"line":25,"column":2},"end":{"line":34,"column":3}},"12":{"start":{"line":26,"column":21},"end":{"line":29,"column":6}},"13":{"start":{"line":30,"column":1},"end":{"line":30,"column":45}},"14":{"start":{"line":32,"column":4},"end":{"line":32,"column":25}},"15":{"start":{"line":33,"column":4},"end":{"line":33,"column":91}},"16":{"start":{"line":21,"column":13},"end":{"line":21,"column":26}}},"fnMap":{"0":{"name":"(anonymous_8)","decl":{"start":{"line":5,"column":25},"end":{"line":5,"column":34}},"loc":{"start":{"line":5,"column":36},"end":{"line":13,"column":2}}},"1":{"name":"(anonymous_9)","decl":{"start":{"line":5,"column":36},"end":{"line":5,"column":null}},"loc":{"start":{"line":5,"column":36},"end":{"line":13,"column":1}}},"2":{"name":"(anonymous_10)","decl":{"start":{"line":21,"column":26},"end":{"line":21,"column":null}},"loc":{"start":{"line":24,"column":31},"end":{"line":35,"column":2}}},"3":{"name":"(anonymous_11)","decl":{"start":{"line":24,"column":31},"end":{"line":24,"column":null}},"loc":{"start":{"line":23,"column":28},"end":{"line":35,"column":1}}}},"branchMap":{"0":{"loc":{"start":{"line":23,"column":2},"end":{"line":23,"column":28}},"type":"default-arg","locations":[{"start":{"line":23,"column":23},"end":{"line":23,"column":28}}]},"1":{"loc":{"start":{"line":33,"column":32},"end":{"line":33,"column":88}},"type":"cond-expr","locations":[{"start":{"line":33,"column":57},"end":{"line":33,"column":70}},{"start":{"line":33,"column":73},"end":{"line":33,"column":88}}]}},"s":{"0":2,"1":2,"2":3,"3":3,"4":3,"5":1,"6":1,"7":2,"8":2,"9":2,"10":3,"11":3,"12":3,"13":1,"14":2,"15":2,"16":2},"f":{"0":3,"1":3,"2":3,"3":3},"b":{"0":[0],"1":[1,1]}}
,"/Users/chandrahmani/Documents/github/chandrahmani/CareerAI-JobAnalyse/src/utils/theme.utils.ts": {"path":"/Users/chandrahmani/Documents/github/chandrahmani/CareerAI-JobAnalyse/src/utils/theme.utils.ts","statementMap":{"0":{"start":{"line":1,"column":0},"end":{"line":1,"column":44}},"1":{"start":{"line":19,"column":13},"end":{"line":28,"column":3}}},"fnMap":{},"branchMap":{},"s":{"0":1,"1":1},"f":{},"b":{}}
,"/Users/chandrahmani/Documents/github/chandrahmani/CareerAI-JobAnalyse/src/views/About/About.tsx": {"path":"/Users/chandrahmani/Documents/github/chandrahmani/CareerAI-JobAnalyse/src/views/About/About.tsx","statementMap":{"0":{"start":{"line":1,"column":0},"end":{"line":1,"column":80}},"1":{"start":{"line":4,"column":2},"end":{"line":73,"column":4}},"2":{"start":{"line":76,"column":0},"end":{"line":76,"column":21}}},"fnMap":{"0":{"name":"About","decl":{"start":{"line":3,"column":9},"end":{"line":3,"column":14}},"loc":{"start":{"line":3,"column":14},"end":{"line":74,"column":1}}}},"branchMap":{},"s":{"0":1,"1":1,"2":1},"f":{"0":1},"b":{}}
,"/Users/chandrahmani/Documents/github/chandrahmani/CareerAI-JobAnalyse/src/views/Contact/Contact.tsx": {"path":"/Users/chandrahmani/Documents/github/chandrahmani/CareerAI-JobAnalyse/src/views/Contact/Contact.tsx","statementMap":{"0":{"start":{"line":1,"column":0},"end":{"line":1,"column":53}},"1":{"start":{"line":4,"column":2},"end":{"line":20,"column":null}},"2":{"start":{"line":23,"column":0},"end":{"line":23,"column":null}}},"fnMap":{"0":{"name":"Contact","decl":{"start":{"line":3,"column":9},"end":{"line":3,"column":16}},"loc":{"start":{"line":3,"column":16},"end":{"line":21,"column":1}}}},"branchMap":{},"s":{"0":1,"1":1,"2":1},"f":{"0":1},"b":{}}
,"/Users/chandrahmani/Documents/github/chandrahmani/CareerAI-JobAnalyse/src/views/Dashboard/Home/Home.tsx": {"path":"/Users/chandrahmani/Documents/github/chandrahmani/CareerAI-JobAnalyse/src/views/Dashboard/Home/Home.tsx","statementMap":{"0":{"start":{"line":3,"column":0},"end":{"line":3,"column":24}},"1":{"start":{"line":1,"column":0},"end":{"line":1,"column":42}},"2":{"start":{"line":4,"column":2},"end":{"line":6,"column":null}}},"fnMap":{"0":{"name":"Home","decl":{"start":{"line":3,"column":24},"end":{"line":3,"column":28}},"loc":{"start":{"line":3,"column":28},"end":{"line":7,"column":1}}}},"branchMap":{},"s":{"0":1,"1":1,"2":1},"f":{"0":1},"b":{}}
,"/Users/chandrahmani/Documents/github/chandrahmani/CareerAI-JobAnalyse/src/views/Dashboard/Profile/Profile.tsx": {"path":"/Users/chandrahmani/Documents/github/chandrahmani/CareerAI-JobAnalyse/src/views/Dashboard/Profile/Profile.tsx","statementMap":{"0":{"start":{"line":1,"column":0},"end":{"line":1,"column":null}},"1":{"start":{"line":9,"column":0},"end":{"line":9,"column":44}},"2":{"start":{"line":10,"column":0},"end":{"line":10,"column":52}},"3":{"start":{"line":22,"column":26},"end":{"line":22,"column":53}},"4":{"start":{"line":24,"column":25},"end":{"line":32,"column":4}},"5":{"start":{"line":24,"column":36},"end":{"line":32,"column":4}},"6":{"start":{"line":25,"column":4},"end":{"line":31,"column":5}},"7":{"start":{"line":26,"column":23},"end":{"line":26,"column":40}},"8":{"start":{"line":27,"column":6},"end":{"line":27,"column":24}},"9":{"start":{"line":29,"column":6},"end":{"line":29,"column":60}},"10":{"start":{"line":34,"column":2},"end":{"line":36,"column":9}},"11":{"start":{"line":35,"column":4},"end":{"line":35,"column":21}},"12":{"start":{"line":38,"column":2},"end":{"line":40,"column":3}},"13":{"start":{"line":39,"column":4},"end":{"line":39,"column":24}},"14":{"start":{"line":42,"column":2},"end":{"line":119,"column":4}},"15":{"start":{"line":122,"column":0},"end":{"line":122,"column":23}}},"fnMap":{"0":{"name":"Profile","decl":{"start":{"line":21,"column":9},"end":{"line":21,"column":16}},"loc":{"start":{"line":21,"column":16},"end":{"line":120,"column":1}}},"1":{"name":"(anonymous_8)","decl":{"start":{"line":24,"column":25},"end":{"line":24,"column":34}},"loc":{"start":{"line":24,"column":36},"end":{"line":32,"column":4}}},"2":{"name":"(anonymous_9)","decl":{"start":{"line":24,"column":36},"end":{"line":24,"column":null}},"loc":{"start":{"line":24,"column":36},"end":{"line":32,"column":3}}},"3":{"name":"(anonymous_10)","decl":{"start":{"line":34,"column":12},"end":{"line":34,"column":15}},"loc":{"start":{"line":34,"column":17},"end":{"line":36,"column":3}}}},"branchMap":{"0":{"loc":{"start":{"line":38,"column":2},"end":{"line":40,"column":3}},"type":"if","locations":[{"start":{"line":38,"column":2},"end":{"line":40,"column":3}}]},"1":{"loc":{"start":{"line":82,"column":16},"end":{"line":82,"column":48}},"type":"cond-expr","locations":[{"start":{"line":82,"column":20},"end":{"line":82,"column":22}},{"start":{"line":82,"column":16},"end":{"line":82,"column":48}}]},"2":{"loc":{"start":{"line":82,"column":16},"end":{"line":82,"column":22}},"type":"binary-expr","locations":[{"start":{"line":82,"column":16},"end":{"line":82,"column":22}},{"start":{"line":82,"column":16},"end":{"line":82,"column":22}}]}},"s":{"0":1,"1":1,"2":1,"3":6,"4":6,"5":4,"6":4,"7":4,"8":3,"9":1,"10":6,"11":4,"12":6,"13":4,"14":2,"15":1},"f":{"0":6,"1":4,"2":4,"3":4},"b":{"0":[4],"1":[0,2],"2":[2,2]}}
,"/Users/chandrahmani/Documents/github/chandrahmani/CareerAI-JobAnalyse/src/views/Dashboard/Settings/Settings.tsx": {"path":"/Users/chandrahmani/Documents/github/chandrahmani/CareerAI-JobAnalyse/src/views/Dashboard/Settings/Settings.tsx","statementMap":{"0":{"start":{"line":1,"column":0},"end":{"line":1,"column":42}},"1":{"start":{"line":4,"column":2},"end":{"line":6,"column":null}},"2":{"start":{"line":9,"column":0},"end":{"line":9,"column":null}}},"fnMap":{"0":{"name":"Settings","decl":{"start":{"line":3,"column":9},"end":{"line":3,"column":17}},"loc":{"start":{"line":3,"column":17},"end":{"line":7,"column":1}}}},"branchMap":{},"s":{"0":1,"1":1,"2":1},"f":{"0":1},"b":{}}
,"/Users/chandrahmani/Documents/github/chandrahmani/CareerAI-JobAnalyse/src/views/Landing/Landing.tsx": {"path":"/Users/chandrahmani/Documents/github/chandrahmani/CareerAI-JobAnalyse/src/views/Landing/Landing.tsx","statementMap":{"0":{"start":{"line":2,"column":0},"end":{"line":2,"column":48}},"1":{"start":{"line":3,"column":0},"end":{"line":3,"column":85}},"2":{"start":{"line":5,"column":20},"end":{"line":16,"column":1}},"3":{"start":{"line":6,"column":2},"end":{"line":15,"column":null}},"4":{"start":{"line":18,"column":0},"end":{"line":18,"column":23}}},"fnMap":{"0":{"name":"(anonymous_1)","decl":{"start":{"line":5,"column":20},"end":{"line":5,"column":23}},"loc":{"start":{"line":5,"column":25},"end":{"line":16,"column":1}}}},"branchMap":{},"s":{"0":1,"1":1,"2":1,"3":1,"4":1},"f":{"0":1},"b":{}}
}
