TN:
SF:src/components/Footer/Footer.tsx
FN:4,Footer
FN:9,(anonymous_1)
FNF:2
FNH:2
FNDA:2,Footer
FNDA:2,(anonymous_1)
DA:2,1
DA:5,2
DA:10,2
DA:26,1
LF:4
LH:4
BRDA:10,0,0,1
BRDA:10,0,1,1
BRF:2
BRH:2
end_of_record
TN:
SF:src/components/Navigation/Navigation.tsx
FN:22,Navigation
FN:25,(anonymous_11)
FN:26,(anonymous_12)
FN:36,(anonymous_13)
FN:70,(anonymous_14)
FNF:5
FNH:5
FNDA:3,Navigation
FNDA:1,(anonymous_11)
FNDA:1,(anonymous_12)
FNDA:9,(anonymous_13)
FNDA:9,(anonymous_14)
DA:1,1
DA:2,1
DA:3,1
DA:5,1
DA:6,1
DA:7,1
DA:8,1
DA:9,1
DA:10,1
DA:11,1
DA:14,1
DA:15,1
DA:16,1
DA:19,1
DA:20,1
DA:22,1
DA:23,3
DA:25,3
DA:26,1
DA:30,3
DA:37,9
DA:48,3
DA:71,9
LF:23
LH:23
BRF:0
BRH:0
end_of_record
TN:
SF:src/components/StandardImageList/StandardImageList.tsx
FN:5,StandardImageList
FN:8,(anonymous_11)
FNF:2
FNH:2
FNDA:2,StandardImageList
FNDA:24,(anonymous_11)
DA:1,2
DA:2,2
DA:3,2
DA:5,2
DA:6,2
DA:9,24
DA:22,2
LF:7
LH:7
BRF:0
BRH:0
end_of_record
TN:
SF:src/services/app.services.ts
FN:5,(anonymous_8)
FN:5,(anonymous_9)
FN:21,(anonymous_10)
FN:24,(anonymous_11)
FNF:4
FNH:4
FNDA:3,(anonymous_8)
FNDA:3,(anonymous_9)
FNDA:3,(anonymous_10)
FNDA:3,(anonymous_11)
DA:1,2
DA:5,3
DA:6,3
DA:7,3
DA:8,1
DA:9,1
DA:11,2
DA:21,2
DA:24,3
DA:25,3
DA:26,3
DA:30,1
DA:32,2
DA:33,2
LF:14
LH:14
BRDA:23,0,0,0
BRDA:33,1,0,1
BRDA:33,1,1,1
BRF:3
BRH:2
end_of_record
TN:
SF:src/utils/theme.utils.ts
FNF:0
FNH:0
DA:1,1
DA:19,1
LF:2
LH:2
BRF:0
BRH:0
end_of_record
TN:
SF:src/views/About/About.tsx
FN:3,About
FNF:1
FNH:1
FNDA:1,About
DA:1,1
DA:4,1
DA:76,1
LF:3
LH:3
BRF:0
BRH:0
end_of_record
TN:
SF:src/views/Contact/Contact.tsx
FN:3,Contact
FNF:1
FNH:1
FNDA:1,Contact
DA:1,1
DA:4,1
DA:23,1
LF:3
LH:3
BRF:0
BRH:0
end_of_record
TN:
SF:src/views/Dashboard/Home/Home.tsx
FN:3,Home
FNF:1
FNH:1
FNDA:1,Home
DA:1,1
DA:3,1
DA:4,1
LF:3
LH:3
BRF:0
BRH:0
end_of_record
TN:
SF:src/views/Dashboard/Profile/Profile.tsx
FN:21,Profile
FN:24,(anonymous_8)
FN:24,(anonymous_9)
FN:34,(anonymous_10)
FNF:4
FNH:4
FNDA:6,Profile
FNDA:4,(anonymous_8)
FNDA:4,(anonymous_9)
FNDA:4,(anonymous_10)
DA:1,1
DA:9,1
DA:10,1
DA:22,6
DA:24,6
DA:25,4
DA:26,4
DA:27,3
DA:29,1
DA:34,6
DA:35,4
DA:38,6
DA:39,4
DA:42,2
DA:122,1
LF:15
LH:15
BRDA:38,0,0,4
BRDA:82,1,0,0
BRDA:82,1,1,2
BRDA:82,2,0,2
BRDA:82,2,1,2
BRF:5
BRH:4
end_of_record
TN:
SF:src/views/Dashboard/Settings/Settings.tsx
FN:3,Settings
FNF:1
FNH:1
FNDA:1,Settings
DA:1,1
DA:4,1
DA:9,1
LF:3
LH:3
BRF:0
BRH:0
end_of_record
TN:
SF:src/views/Landing/Landing.tsx
FN:5,(anonymous_1)
FNF:1
FNH:1
FNDA:1,(anonymous_1)
DA:2,1
DA:3,1
DA:5,1
DA:6,1
DA:18,1
LF:5
LH:5
BRF:0
BRH:0
end_of_record
